\BOOKMARK [1][-]{section.1}{Abstract}{}% 1
\BOOKMARK [1][-]{section.2}{Introduction}{}% 2
\BOOKMARK [2][-]{subsection.2.1}{The fall and rise of virtual reality}{section.2}% 3
\BOOKMARK [2][-]{subsection.2.2}{The future of immersive technologies}{section.2}% 4
\BOOKMARK [2][-]{subsection.2.3}{Interfaces in 3D}{section.2}% 5
\BOOKMARK [2][-]{subsection.2.4}{Research Question}{section.2}% 6
\BOOKMARK [1][-]{section.3}{Literature Review}{}% 7
\BOOKMARK [2][-]{subsection.3.1}{Adaptive User Interfaces}{section.3}% 8
\BOOKMARK [2][-]{subsection.3.2}{Virtual reality user interfaces}{section.3}% 9
\BOOKMARK [2][-]{subsection.3.3}{Usability in Virtual Reality}{section.3}% 10
\BOOKMARK [2][-]{subsection.3.4}{Possible Disadvantages of Adaptivity}{section.3}% 11
\BOOKMARK [1][-]{section.4}{Methodology}{}% 12
\BOOKMARK [2][-]{subsection.4.1}{Overview}{section.4}% 13
\BOOKMARK [2][-]{subsection.4.2}{Implementation}{section.4}% 14
\BOOKMARK [2][-]{subsection.4.3}{Evaluation}{section.4}% 15
\BOOKMARK [1][-]{section.5}{Results}{}% 16
\BOOKMARK [2][-]{subsection.5.1}{Qualitative Data}{section.5}% 17
\BOOKMARK [2][-]{subsection.5.2}{Quantitative Data}{section.5}% 18
\BOOKMARK [1][-]{section.6}{Discussion}{}% 19
\BOOKMARK [1][-]{section.7}{Conclusion}{}% 20
\BOOKMARK [1][-]{section.8}{References}{}% 21
\BOOKMARK [1][-]{section.9}{Bibliography}{}% 22
