Log file open, 11/21/16 11:44:43
LogInit:Display: Running engine for game: tiny_island
LogPlatformFile: Not using cached read wrapper
LogInit:Display: RandInit(228730930) SRandInit(228730931).
LogTaskGraph: Started task graph with 5 named threads and 10 total threads with 1 sets of task threads.
LogStats: Stats thread started at 2.131577
LogPluginManager: Loaded Plugin Paper2D, From D:/Program Files (x86)/Epic Games/4.14/Engine/Plugins/2D/Paper2D/Paper2D.uplugin
LogPluginManager: Loaded Plugin LightPropagationVolume, From D:/Program Files (x86)/Epic Games/4.14/Engine/Plugins/Blendables/LightPropagationVolume/LightPropagationVolume.uplugin
LogPluginManager: Loaded Plugin BlankPlugin, From D:/Program Files (x86)/Epic Games/4.14/Engine/Plugins/Developer/BlankPlugin/BlankPlugin.uplugin
LogPluginManager: Loaded Plugin CodeLiteSourceCodeAccess, From D:/Program Files (x86)/Epic Games/4.14/Engine/Plugins/Developer/CodeLiteSourceCodeAccess/CodeLiteSourceCodeAccess.uplugin
LogPluginManager: Loaded Plugin GitSourceControl, From D:/Program Files (x86)/Epic Games/4.14/Engine/Plugins/Developer/GitSourceControl/GitSourceControl.uplugin
LogPluginManager: Loaded Plugin KDevelopSourceCodeAccess, From D:/Program Files (x86)/Epic Games/4.14/Engine/Plugins/Developer/KDevelopSourceCodeAccess/KDevelopSourceCodeAccess.uplugin
LogPluginManager: Loaded Plugin NullSourceCodeAccess, From D:/Program Files (x86)/Epic Games/4.14/Engine/Plugins/Developer/NullSourceCodeAccess/NullSourceCodeAccess.uplugin
LogPluginManager: Loaded Plugin OneSkyLocalizationService, From D:/Program Files (x86)/Epic Games/4.14/Engine/Plugins/Developer/OneSkyLocalizationService/OneSkyLocalizationService.uplugin
LogPluginManager: Loaded Plugin PerforceSourceControl, From D:/Program Files (x86)/Epic Games/4.14/Engine/Plugins/Developer/PerforceSourceControl/PerforceSourceControl.uplugin
LogPluginManager: Loaded Plugin SubversionSourceControl, From D:/Program Files (x86)/Epic Games/4.14/Engine/Plugins/Developer/SubversionSourceControl/SubversionSourceControl.uplugin
LogPluginManager: Loaded Plugin UObjectPlugin, From D:/Program Files (x86)/Epic Games/4.14/Engine/Plugins/Developer/UObjectPlugin/UObjectPlugin.uplugin
LogPluginManager: Loaded Plugin VisualStudioSourceCodeAccess, From D:/Program Files (x86)/Epic Games/4.14/Engine/Plugins/Developer/VisualStudioSourceCodeAccess/VisualStudioSourceCodeAccess.uplugin
LogPluginManager: Loaded Plugin XCodeSourceCodeAccess, From D:/Program Files (x86)/Epic Games/4.14/Engine/Plugins/Developer/XCodeSourceCodeAccess/XCodeSourceCodeAccess.uplugin
LogPluginManager: Loaded Plugin AudioCapture, From D:/Program Files (x86)/Epic Games/4.14/Engine/Plugins/Editor/AudioCapture/AudioCapture.uplugin
LogPluginManager: Loaded Plugin EpicSurvey, From D:/Program Files (x86)/Epic Games/4.14/Engine/Plugins/Editor/EpicSurvey/EpicSurvey.uplugin
LogPluginManager: Loaded Plugin MacGraphicsSwitching, From D:/Program Files (x86)/Epic Games/4.14/Engine/Plugins/Editor/MacGraphicsSwitching/MacGraphicsSwitching.uplugin
LogPluginManager: Loaded Plugin MobileLauncherProfileWizard, From D:/Program Files (x86)/Epic Games/4.14/Engine/Plugins/Editor/MobileLauncherProfileWizard/MobileLauncherProfileWizard.uplugin
LogPluginManager: Loaded Plugin PluginBrowser, From D:/Program Files (x86)/Epic Games/4.14/Engine/Plugins/Editor/PluginBrowser/PluginBrowser.uplugin
LogPluginManager: Loaded Plugin SpeedTreeImporter, From D:/Program Files (x86)/Epic Games/4.14/Engine/Plugins/Editor/SpeedTreeImporter/SpeedTreeImporter.uplugin
LogPluginManager: Loaded Plugin SuperSearchEditor, From D:/Program Files (x86)/Epic Games/4.14/Engine/Plugins/Editor/SuperSearchEditor/SuperSearchEditor.uplugin
LogPluginManager: Loaded Plugin AlembicImporter, From D:/Program Files (x86)/Epic Games/4.14/Engine/Plugins/Experimental/AlembicImporter/AlembicImporter.uplugin
LogPluginManager: Loaded Plugin BlueprintStats, From D:/Program Files (x86)/Epic Games/4.14/Engine/Plugins/Experimental/BlueprintStats/BlueprintStats.uplugin
LogPluginManager: Loaded Plugin CharacterAI, From D:/Program Files (x86)/Epic Games/4.14/Engine/Plugins/Experimental/CharacterAI/CharacterAI.uplugin
LogPluginManager: Loaded Plugin CodeEditor, From D:/Program Files (x86)/Epic Games/4.14/Engine/Plugins/Experimental/CodeEditor/CodeEditor.uplugin
LogPluginManager: Loaded Plugin CodeView, From D:/Program Files (x86)/Epic Games/4.14/Engine/Plugins/Experimental/CodeView/CodeView.uplugin
LogPluginManager: Loaded Plugin HTML5Networking, From D:/Program Files (x86)/Epic Games/4.14/Engine/Plugins/Experimental/HTML5Networking/HTML5Networking.uplugin
LogPluginManager: Loaded Plugin OSVR, From D:/Program Files (x86)/Epic Games/4.14/Engine/Plugins/Experimental/OSVR/OSVR.uplugin
LogPluginManager: Loaded Plugin Phya, From D:/Program Files (x86)/Epic Games/4.14/Engine/Plugins/Experimental/Phya/Phya.uplugin
LogPluginManager: Loaded Plugin SignificanceManager, From D:/Program Files (x86)/Epic Games/4.14/Engine/Plugins/Experimental/SignificanceManager/SignificanceManager.uplugin
LogPluginManager: Loaded Plugin SimpleHMD, From D:/Program Files (x86)/Epic Games/4.14/Engine/Plugins/Experimental/SimpleHMD/SimpleHMD.uplugin
LogPluginManager: Loaded Plugin StereoPanorama, From D:/Program Files (x86)/Epic Games/4.14/Engine/Plugins/Experimental/StereoPanorama/StereoPanorama.uplugin
LogPluginManager: Loaded Plugin StructBox, From D:/Program Files (x86)/Epic Games/4.14/Engine/Plugins/Experimental/StructBox/StructBox.uplugin
LogPluginManager: Loaded Plugin AndroidMedia, From D:/Program Files (x86)/Epic Games/4.14/Engine/Plugins/Media/AndroidMedia/AndroidMedia.uplugin
LogPluginManager: Loaded Plugin AvfMedia, From D:/Program Files (x86)/Epic Games/4.14/Engine/Plugins/Media/AvfMedia/AvfMedia.uplugin
LogPluginManager: Loaded Plugin MediaPlayerEditor, From D:/Program Files (x86)/Epic Games/4.14/Engine/Plugins/Media/MediaPlayerEditor/MediaPlayerEditor.uplugin
LogPluginManager: Loaded Plugin WmfMedia, From D:/Program Files (x86)/Epic Games/4.14/Engine/Plugins/Media/WmfMedia/WmfMedia.uplugin
LogPluginManager: Loaded Plugin MessagingDebugger, From D:/Program Files (x86)/Epic Games/4.14/Engine/Plugins/Messaging/MessagingDebugger/MessagingDebugger.uplugin
LogPluginManager: Loaded Plugin TcpMessaging, From D:/Program Files (x86)/Epic Games/4.14/Engine/Plugins/Messaging/TcpMessaging/TcpMessaging.uplugin
LogPluginManager: Loaded Plugin UdpMessaging, From D:/Program Files (x86)/Epic Games/4.14/Engine/Plugins/Messaging/UdpMessaging/UdpMessaging.uplugin
LogPluginManager: Loaded Plugin LevelSequenceEditor, From D:/Program Files (x86)/Epic Games/4.14/Engine/Plugins/MovieScene/LevelSequenceEditor/LevelSequenceEditor.uplugin
LogPluginManager: Loaded Plugin MatineeToLevelSequence, From D:/Program Files (x86)/Epic Games/4.14/Engine/Plugins/MovieScene/MatineeToLevelSequence/MatineeToLevelSequence.uplugin
LogPluginManager: Loaded Plugin NetcodeUnitTest, From D:/Program Files (x86)/Epic Games/4.14/Engine/Plugins/NetcodeUnitTest/NetcodeUnitTest/NetcodeUnitTest.uplugin
LogPluginManager: Loaded Plugin NUTUnrealEngine4, From D:/Program Files (x86)/Epic Games/4.14/Engine/Plugins/NetcodeUnitTest/NUTUnrealEngine4/NUTUnrealEngine4.uplugin
LogPluginManager: Loaded Plugin OnlineSubsystemGameCircle, From D:/Program Files (x86)/Epic Games/4.14/Engine/Plugins/Online/Android/OnlineSubsystemGameCircle/OnlineSubsystemGameCircle.uplugin
LogPluginManager: Loaded Plugin OnlineSubsystemGooglePlay, From D:/Program Files (x86)/Epic Games/4.14/Engine/Plugins/Online/Android/OnlineSubsystemGooglePlay/OnlineSubsystemGooglePlay.uplugin
LogPluginManager: Loaded Plugin OnlineSubsystemIOS, From D:/Program Files (x86)/Epic Games/4.14/Engine/Plugins/Online/IOS/OnlineSubsystemIOS/OnlineSubsystemIOS.uplugin
LogPluginManager: Loaded Plugin OnlineFramework, From D:/Program Files (x86)/Epic Games/4.14/Engine/Plugins/Online/OnlineFramework/OnlineFramework.uplugin
LogPluginManager: Loaded Plugin OnlineSubsystem, From D:/Program Files (x86)/Epic Games/4.14/Engine/Plugins/Online/OnlineSubsystem/OnlineSubsystem.uplugin
LogPluginManager: Loaded Plugin OnlineSubsystemAmazon, From D:/Program Files (x86)/Epic Games/4.14/Engine/Plugins/Online/OnlineSubsystemAmazon/OnlineSubsystemAmazon.uplugin
LogPluginManager: Loaded Plugin OnlineSubsystemFacebook, From D:/Program Files (x86)/Epic Games/4.14/Engine/Plugins/Online/OnlineSubsystemFacebook/OnlineSubsystemFacebook.uplugin
LogPluginManager: Loaded Plugin OnlineSubsystemNull, From D:/Program Files (x86)/Epic Games/4.14/Engine/Plugins/Online/OnlineSubsystemNull/OnlineSubsystemNull.uplugin
LogPluginManager: Loaded Plugin OnlineSubsystemOculus, From D:/Program Files (x86)/Epic Games/4.14/Engine/Plugins/Online/OnlineSubsystemOculus/OnlineSubsystemOculus.uplugin
LogPluginManager: Loaded Plugin OnlineSubsystemSteam, From D:/Program Files (x86)/Epic Games/4.14/Engine/Plugins/Online/OnlineSubsystemSteam/OnlineSubsystemSteam.uplugin
LogPluginManager: Loaded Plugin OnlineSubsystemUtils, From D:/Program Files (x86)/Epic Games/4.14/Engine/Plugins/Online/OnlineSubsystemUtils/OnlineSubsystemUtils.uplugin
LogPluginManager: Loaded Plugin IOSTapJoy, From D:/Program Files (x86)/Epic Games/4.14/Engine/Plugins/Runtime/Advertising/IOSTapJoy/IOSTapJoy.uplugin
LogPluginManager: Loaded Plugin AnalyticsBlueprintLibrary, From D:/Program Files (x86)/Epic Games/4.14/Engine/Plugins/Runtime/Analytics/AnalyticsBlueprintLibrary/AnalyticsBlueprintLibrary.uplugin
LogPluginManager: Loaded Plugin AnalyticsMulticast, From D:/Program Files (x86)/Epic Games/4.14/Engine/Plugins/Runtime/Analytics/AnalyticsMulticast/AnalyticsMulticast.uplugin
LogPluginManager: Loaded Plugin Apsalar, From D:/Program Files (x86)/Epic Games/4.14/Engine/Plugins/Runtime/Analytics/Apsalar/Apsalar.uplugin
LogPluginManager: Loaded Plugin FileLogging, From D:/Program Files (x86)/Epic Games/4.14/Engine/Plugins/Runtime/Analytics/FileLogging/FileLogging.uplugin
LogPluginManager: Loaded Plugin Flurry, From D:/Program Files (x86)/Epic Games/4.14/Engine/Plugins/Runtime/Analytics/Flurry/Flurry.uplugin
LogPluginManager: Loaded Plugin AndroidDeviceProfileSelector, From D:/Program Files (x86)/Epic Games/4.14/Engine/Plugins/Runtime/AndroidDeviceProfileSelector/AndroidDeviceProfileSelector.uplugin
LogPluginManager: Loaded Plugin AndroidMoviePlayer, From D:/Program Files (x86)/Epic Games/4.14/Engine/Plugins/Runtime/AndroidMoviePlayer/AndroidMoviePlayer.uplugin
LogPluginManager: Loaded Plugin AppleMoviePlayer, From D:/Program Files (x86)/Epic Games/4.14/Engine/Plugins/Runtime/AppleMoviePlayer/AppleMoviePlayer.uplugin
LogPluginManager: Loaded Plugin ArchVisCharacter, From D:/Program Files (x86)/Epic Games/4.14/Engine/Plugins/Runtime/ArchVisCharacter/ArchVisCharacter.uplugin
LogPluginManager: Loaded Plugin CableComponent, From D:/Program Files (x86)/Epic Games/4.14/Engine/Plugins/Runtime/CableComponent/CableComponent.uplugin
LogPluginManager: Loaded Plugin CustomMeshComponent, From D:/Program Files (x86)/Epic Games/4.14/Engine/Plugins/Runtime/CustomMeshComponent/CustomMeshComponent.uplugin
LogPluginManager: Loaded Plugin ExampleDeviceProfileSelector, From D:/Program Files (x86)/Epic Games/4.14/Engine/Plugins/Runtime/ExampleDeviceProfileSelector/ExampleDeviceProfileSelector.uplugin
LogPluginManager: Loaded Plugin GearVR, From D:/Program Files (x86)/Epic Games/4.14/Engine/Plugins/Runtime/GearVR/GearVR.uplugin
LogPluginManager: Loaded Plugin GoogleVRController, From D:/Program Files (x86)/Epic Games/4.14/Engine/Plugins/Runtime/GoogleVR/GoogleVRController/GoogleVRController.uplugin
LogPluginManager: Loaded Plugin GoogleVRHMD, From D:/Program Files (x86)/Epic Games/4.14/Engine/Plugins/Runtime/GoogleVR/GoogleVRHMD/GoogleVRHMD.uplugin
LogPluginManager: Loaded Plugin IOSDeviceProfileSelector, From D:/Program Files (x86)/Epic Games/4.14/Engine/Plugins/Runtime/IOSDeviceProfileSelector/IOSDeviceProfileSelector.uplugin
LogPluginManager: Loaded Plugin LeapMotion, From D:/Program Files (x86)/Epic Games/4.14/Engine/Plugins/Runtime/LeapMotion/LeapMotion.uplugin
LogPluginManager: Loaded Plugin LinuxDeviceProfileSelector, From D:/Program Files (x86)/Epic Games/4.14/Engine/Plugins/Runtime/LinuxDeviceProfileSelector/LinuxDeviceProfileSelector.uplugin
LogPluginManager: Loaded Plugin MIDIDevice, From D:/Program Files (x86)/Epic Games/4.14/Engine/Plugins/Runtime/MIDIDevice/MIDIDevice.uplugin
LogPluginManager: Loaded Plugin MobilePatchingUtils, From D:/Program Files (x86)/Epic Games/4.14/Engine/Plugins/Runtime/MobilePatchingUtils/MobilePatchingUtils.uplugin
LogPluginManager: Loaded Plugin Ansel, From D:/Program Files (x86)/Epic Games/4.14/Engine/Plugins/Runtime/Nvidia/Ansel/Ansel.uplugin
LogPluginManager: Loaded Plugin OculusAudio, From D:/Program Files (x86)/Epic Games/4.14/Engine/Plugins/Runtime/OculusAudio/OculusAudio.uplugin
LogPluginManager: Loaded Plugin OculusInput, From D:/Program Files (x86)/Epic Games/4.14/Engine/Plugins/Runtime/OculusInput/OculusInput.uplugin
LogPluginManager: Loaded Plugin OculusLibrary, From D:/Program Files (x86)/Epic Games/4.14/Engine/Plugins/Runtime/OculusLibrary/OculusLibrary.uplugin
LogPluginManager: Loaded Plugin OculusRift, From D:/Program Files (x86)/Epic Games/4.14/Engine/Plugins/Runtime/OculusRift/OculusRift.uplugin
LogPluginManager: Loaded Plugin Oodle, From D:/Program Files (x86)/Epic Games/4.14/Engine/Plugins/Runtime/PacketHandlers/CompressionComponents/Oodle/Oodle.uplugin
LogPluginManager: Loaded Plugin ProceduralMeshComponent, From D:/Program Files (x86)/Epic Games/4.14/Engine/Plugins/Runtime/ProceduralMeshComponent/ProceduralMeshComponent.uplugin
LogPluginManager: Loaded Plugin SoundMod, From D:/Program Files (x86)/Epic Games/4.14/Engine/Plugins/Runtime/SoundMod/SoundMod.uplugin
LogPluginManager: Loaded Plugin SoundVisualizations, From D:/Program Files (x86)/Epic Games/4.14/Engine/Plugins/Runtime/SoundVisualizations/SoundVisualizations.uplugin
LogPluginManager: Loaded Plugin SteamController, From D:/Program Files (x86)/Epic Games/4.14/Engine/Plugins/Runtime/Steam/SteamController/SteamController.uplugin
LogPluginManager: Loaded Plugin SteamVR, From D:/Program Files (x86)/Epic Games/4.14/Engine/Plugins/Runtime/Steam/SteamVR/SteamVR.uplugin
LogPluginManager: Loaded Plugin WebBrowserWidget, From D:/Program Files (x86)/Epic Games/4.14/Engine/Plugins/Runtime/WebBrowserWidget/WebBrowserWidget.uplugin
LogPluginManager: Loaded Plugin WindowsDeviceProfileSelector, From D:/Program Files (x86)/Epic Games/4.14/Engine/Plugins/Runtime/WindowsDeviceProfileSelector/WindowsDeviceProfileSelector.uplugin
LogPluginManager: Loaded Plugin WindowsMoviePlayer, From D:/Program Files (x86)/Epic Games/4.14/Engine/Plugins/Runtime/WindowsMoviePlayer/WindowsMoviePlayer.uplugin
LogPluginManager: Loaded Plugin ScriptPlugin, From D:/Program Files (x86)/Epic Games/4.14/Engine/Plugins/ScriptPlugin/ScriptPlugin.uplugin
LogPluginManager: Loaded Plugin SlateRemote, From D:/Program Files (x86)/Epic Games/4.14/Engine/Plugins/Slate/SlateRemote/SlateRemote.uplugin
LogPluginManager: Loaded Plugin EditorTests, From D:/Program Files (x86)/Epic Games/4.14/Engine/Plugins/Tests/EditorTests/EditorTests.uplugin
LogPluginManager: Loaded Plugin FbxAutomationTestBuilder, From D:/Program Files (x86)/Epic Games/4.14/Engine/Plugins/Tests/FbxAutomationTestBuilder/FbxAutomationTestBuilder.uplugin
LogPluginManager: Loaded Plugin FunctionalTestingEditor, From D:/Program Files (x86)/Epic Games/4.14/Engine/Plugins/Tests/FunctionalTestingEditor/FunctionalTestingEditor.uplugin
LogPluginManager: Loaded Plugin RuntimeTests, From D:/Program Files (x86)/Epic Games/4.14/Engine/Plugins/Tests/RuntimeTests/RuntimeTests.uplugin
LogPluginManager: Loaded Plugin ScreenshotTools, From D:/Program Files (x86)/Epic Games/4.14/Engine/Plugins/Tests/ScreenshotTools/ScreenshotTools.uplugin
LogInit: Using libcurl 7.47.1
LogInit:  - built for x86_64-pc-win32
LogInit:  - supports SSL with OpenSSL/1.0.2g
LogInit:  - supports HTTP deflate (compression) using libz 1.2.8
LogInit:  - other features:
LogInit:      CURL_VERSION_SSL
LogInit:      CURL_VERSION_LIBZ
LogInit:      CURL_VERSION_IPV6
LogInit:      CURL_VERSION_ASYNCHDNS
LogInit:      CURL_VERSION_LARGEFILE
LogInit:      CURL_VERSION_IDN
LogInit:  CurlRequestOptions (configurable via config and command line):
LogInit:  - bVerifyPeer = false  - Libcurl will NOT verify peer certificate
LogInit:  - bUseHttpProxy = false  - Libcurl will NOT use HTTP proxy
LogInit:  - bDontReuseConnections = false  - Libcurl will reuse connections
LogInit:  - CertBundlePath = nullptr  - Libcurl will use whatever was configured at build time.
LogHMD: Can't find Oculus library dev build: is proper Runtime installed? Version: 1.8.0
LogInit: Build: ++UE4+Release-4.14-CL-3195953
LogInit: Engine Version: 4.14.0-3195953+++UE4+Release-4.14
LogInit: Compatible Engine Version: 4.14.0-3195953+++UE4+Release-4.14
LogInit: Net CL: 3195953
LogDevObjectVersion: Number of dev versions registered: 13
LogDevObjectVersion:   Dev-Blueprints (B0D832E4-1F89-4F0D-ACCF-7EB736FD4AA2): 7
LogDevObjectVersion:   Dev-Build (E1C64328-A22C-4D53-A36C-8E866417BD8C): 0
LogDevObjectVersion:   Dev-Core (375EC13C-06E4-48FB-B500-84F0262A717E): 1
LogDevObjectVersion:   Dev-Editor (E4B068ED-F494-42E9-A231-DA0B2E46BB41): 8
LogDevObjectVersion:   Dev-Framework (CFFC743F-43B0-4480-9391-14DF171D2073): 17
LogDevObjectVersion:   Dev-Mobile (B02B49B5-BB20-44E9-A304-32B752E40360): 0
LogDevObjectVersion:   Dev-Networking (A4E4105C-59A1-49B5-A7C5-40C4547EDFEE): 0
LogDevObjectVersion:   Dev-Online (39C831C9-5AE6-47DC-9A44-9C173E1C8E7C): 0
LogDevObjectVersion:   Dev-Physics (78F01B33-EBEA-4F98-B9B4-84EACCB95AA2): 0
LogDevObjectVersion:   Dev-Platform (6631380F-2D4D-43E0-8009-CF276956A95A): 0
LogDevObjectVersion:   Dev-Rendering (12F88B9F-8875-4AFC-A67C-D90C383ABD29): 12
LogDevObjectVersion:   Dev-Sequencer (7B5AE74C-D270-4C10-A958-57980B212A5A): 1
LogDevObjectVersion:   Dev-VR (D7296918-1DD6-4BDD-9DE2-64A83CC13884): 0
LogInit: Compiled (64-bit): Nov 12 2016 02:14:10
LogInit: Compiled with Visual C++: 19.00.23026.00
LogInit: Build Configuration: Development
LogInit: Branch Name: ++UE4+Release-4.14
LogInit: Command line:  
LogInit: Base directory: D:/Program Files (x86)/Epic Games/4.14/Engine/Binaries/Win64/
LogInit: Installed Engine Build: 1
LogInit: Presizing for max 8388607 objects, including 0 objects not considered by GC, pre-allocating 0 bytes for permanent pool.
LogInit: Object subsystem initialized
[2016.11.21-11.44.44:337][  0]LogConsoleManager:Display: Setting the console variable 'r.RHICmdBypass' with 'SetByProjectSetting' was ignored as it is lower priority than the previous 'SetBySystemSettingsIni'
[2016.11.21-11.44.44:404][  0]LogInit: Selected Device Profile: [Windows]
[2016.11.21-11.44.44:404][  0]LogInit: Applying CVar settings loaded from the selected device profile: [Windows]
[2016.11.21-11.44.44:481][  0]LogInit: Computer: HIVE1
[2016.11.21-11.44.44:481][  0]LogInit: User: Abertay
[2016.11.21-11.44.44:481][  0]LogInit: CPU Page size=65536, Cores=6
[2016.11.21-11.44.44:481][  0]LogInit: High frequency timer resolution =3.410075 MHz
[2016.11.21-11.44.44:481][  0]LogMemory: Memory total: Physical=15.9GB (16GB approx)
[2016.11.21-11.44.44:481][  0]LogMemory: Platform Memory Stats for Windows
[2016.11.21-11.44.44:481][  0]LogMemory: Process Physical Memory: 263.62 MB used, 263.62 MB peak
[2016.11.21-11.44.44:481][  0]LogMemory: Process Virtual Memory: 259.92 MB used, 259.92 MB peak
[2016.11.21-11.44.44:481][  0]LogMemory: Physical Memory: 3088.45 MB used,  13183.09 MB free, 16271.55 MB total
[2016.11.21-11.44.44:481][  0]LogMemory: Virtual Memory: 658.14 MB used,  13183.09 MB free, 134217728.00 MB total
[2016.11.21-11.44.45:184][  0]LogTextLocalizationManager: No specific translations for ('en-GB') exist, so ('en') translations will be used.
[2016.11.21-11.44.47:474][  0]LogD3D11RHI: D3D11 adapters:
[2016.11.21-11.44.48:044][  0]LogD3D11RHI:    0. 'NVIDIA GeForce GTX 970' (Feature Level 11_0)
[2016.11.21-11.44.48:044][  0]LogD3D11RHI:       3976/0/8135 MB DedicatedVideo/DedicatedSystem/SharedSystem, Outputs:1, VendorId:0x10de
[2016.11.21-11.44.48:612][  0]LogD3D11RHI:    1. 'NVIDIA GeForce GTX 970' (Feature Level 11_0)
[2016.11.21-11.44.48:612][  0]LogD3D11RHI:       3976/0/8135 MB DedicatedVideo/DedicatedSystem/SharedSystem, Outputs:0, VendorId:0x10de
[2016.11.21-11.44.48:613][  0]LogD3D11RHI:    2. 'Microsoft Basic Render Driver' (Feature Level 11_0)
[2016.11.21-11.44.48:613][  0]LogD3D11RHI:       0/0/256 MB DedicatedVideo/DedicatedSystem/SharedSystem, Outputs:0, VendorId:0x1414
[2016.11.21-11.44.48:613][  0]LogD3D11RHI: Chosen D3D11 Adapter: 0
[2016.11.21-11.44.48:616][  0]LogD3D11RHI: Creating new Direct3DDevice
[2016.11.21-11.44.48:616][  0]LogD3D11RHI:     GPU DeviceId: 0x13c2 (for the marketing name, search the web for "GPU Device Id")
[2016.11.21-11.44.48:616][  0]LogWindows: EnumDisplayDevices:
[2016.11.21-11.44.48:616][  0]LogWindows:    0. 'NVIDIA GeForce GTX 970' (P:1 D:1)
[2016.11.21-11.44.48:616][  0]LogWindows:    1. 'NVIDIA GeForce GTX 970' (P:0 D:0)
[2016.11.21-11.44.48:616][  0]LogWindows:    2. 'NVIDIA GeForce GTX 970' (P:0 D:0)
[2016.11.21-11.44.48:616][  0]LogWindows:    3. 'NVIDIA GeForce GTX 970' (P:0 D:0)
[2016.11.21-11.44.48:617][  0]LogWindows:    4. 'NVIDIA GeForce GTX 970' (P:0 D:0)
[2016.11.21-11.44.48:617][  0]LogWindows:    5. 'NVIDIA GeForce GTX 970' (P:0 D:0)
[2016.11.21-11.44.48:617][  0]LogWindows:    6. 'NVIDIA GeForce GTX 970' (P:0 D:0)
[2016.11.21-11.44.48:617][  0]LogWindows:    7. 'NVIDIA GeForce GTX 970' (P:0 D:0)
[2016.11.21-11.44.48:617][  0]LogWindows: DebugString: FoundDriverCount:8 
[2016.11.21-11.44.48:617][  0]LogD3D11RHI:     Adapter Name: NVIDIA GeForce GTX 970
[2016.11.21-11.44.48:617][  0]LogD3D11RHI:   Driver Version: 368.69 (internal:10.18.13.6869, unified:368.69)
[2016.11.21-11.44.48:617][  0]LogD3D11RHI:      Driver Date: 6-29-2016
[2016.11.21-11.44.48:622][  0]LogRHI: Texture pool is 1361 MB (70% of 1945 MB)
[2016.11.21-11.44.49:153][  0]LogD3D11RHI: Async texture creation enabled
[2016.11.21-11.44.49:402][  0]LogD3D11RHI: GPU Timing Frequency: 1000.000000 (Debug: 2 2)
[2016.11.21-11.44.49:454][  0]LogShaderCompilers: Guid format shader working directory is -6 characters bigger than the processId version (C:/Users/Abertay/Documents/jctwood honours/tiny_island/Intermediate/Shaders/WorkingDirectory/8392/).
[2016.11.21-11.44.49:454][  0]LogShaderCompilers: Cleaned the shader compiler working directory 'C:/Users/Abertay/AppData/Local/Temp/UnrealShaderWorkingDir/75CDB90A4BF3D8AE55009195702F45C6/'.
[2016.11.21-11.44.49:454][  0]LogShaderCompilers:Display: Using Local Shader Compiler.
[2016.11.21-11.44.52:025][  0]LogTemp:Display: Loaded TP AllDesktopTargetPlatform
[2016.11.21-11.44.52:065][  0]LogTemp:Display: Loaded TP MacClientTargetPlatform
[2016.11.21-11.44.52:104][  0]LogTemp:Display: Loaded TP MacNoEditorTargetPlatform
[2016.11.21-11.44.52:140][  0]LogTemp:Display: Loaded TP MacServerTargetPlatform
[2016.11.21-11.44.52:199][  0]LogTemp:Display: Loaded TP MacTargetPlatform
[2016.11.21-11.44.52:233][  0]LogTemp:Display: Loaded TP WindowsClientTargetPlatform
[2016.11.21-11.44.52:267][  0]LogTemp:Display: Loaded TP WindowsNoEditorTargetPlatform
[2016.11.21-11.44.52:301][  0]LogTemp:Display: Loaded TP WindowsServerTargetPlatform
[2016.11.21-11.44.52:330][  0]LogTemp:Display: Loaded TP WindowsTargetPlatform
[2016.11.21-11.44.52:372][  0]LogTemp:Display: Loaded TP AndroidTargetPlatform
[2016.11.21-11.44.52:406][  0]LogTemp:Display: Loaded TP Android_ASTCTargetPlatform
[2016.11.21-11.44.52:439][  0]LogTemp:Display: Loaded TP Android_ATCTargetPlatform
[2016.11.21-11.44.52:473][  0]LogTemp:Display: Loaded TP Android_DXTTargetPlatform
[2016.11.21-11.44.52:512][  0]LogTemp:Display: Loaded TP Android_ETC1TargetPlatform
[2016.11.21-11.44.52:559][  0]LogTemp:Display: Loaded TP Android_ETC2TargetPlatform
[2016.11.21-11.44.52:625][  0]LogTemp:Display: Loaded TP Android_MultiTargetPlatform
[2016.11.21-11.44.52:625][  0]LogTemp:Display: Loaded TP Android_PVRTCTargetPlatform
[2016.11.21-11.44.52:645][  0]LogTemp:Display: Loaded TP HTML5TargetPlatform
[2016.11.21-11.44.52:757][  0]LogTemp:Display: Loaded TP IOSTargetPlatform
[2016.11.21-11.44.52:780][  0]LogTemp:Display: Loaded TP TVOSTargetPlatform
[2016.11.21-11.44.52:816][  0]LogTemp:Display: Loaded TP LinuxClientTargetPlatform
[2016.11.21-11.44.52:848][  0]LogTemp:Display: Loaded TP LinuxNoEditorTargetPlatform
[2016.11.21-11.44.52:883][  0]LogTemp:Display: Loaded TP LinuxServerTargetPlatform
[2016.11.21-11.44.52:927][  0]LogTemp:Display: Loaded TP LinuxTargetPlatform
[2016.11.21-11.44.52:927][  0]LogTargetPlatformManager:Display: Building Assets For Windows
[2016.11.21-11.44.53:667][  0]LogDerivedDataCache:Display: Max Cache Size: 512 MB
[2016.11.21-11.44.53:814][  0]LogDerivedDataCache: Loaded boot cache 0.15s 51MB C:/Users/Abertay/AppData/Local/UnrealEngine/4.14/DerivedDataCache/Boot.ddc.
[2016.11.21-11.44.53:814][  0]LogDerivedDataCache:Display: Loaded Boot cache: C:/Users/Abertay/AppData/Local/UnrealEngine/4.14/DerivedDataCache/Boot.ddc
[2016.11.21-11.44.53:814][  0]LogDerivedDataCache: FDerivedDataBackendGraph:  Pak pak cache file C:/Users/Abertay/Documents/jctwood honours/tiny_island/DerivedDataCache/DDC.ddp not found, will not use a pak cache.
[2016.11.21-11.44.53:814][  0]LogDerivedDataCache: Unable to find inner node Pak for hierarchical cache Hierarchy.
[2016.11.21-11.44.53:814][  0]LogDerivedDataCache: FDerivedDataBackendGraph:  CompressedPak pak cache file C:/Users/Abertay/Documents/jctwood honours/tiny_island/DerivedDataCache/Compressed.ddp not found, will not use a pak cache.
[2016.11.21-11.44.53:814][  0]LogDerivedDataCache: Unable to find inner node CompressedPak for hierarchical cache Hierarchy.
[2016.11.21-11.44.53:854][  0]LogDerivedDataCache:Display: Pak cache opened for reading ../../../Engine/DerivedDataCache/Compressed.ddp.
[2016.11.21-11.44.53:866][  0]LogDerivedDataCache: Using Local data cache path C:/Users/Abertay/AppData/Local/UnrealEngine/Common/DerivedDataCache: Writable
[2016.11.21-11.44.59:580][  0]LogInit: Selected Device Profile: [Windows]
[2016.11.21-11.44.59:614][  0]LogContentStreaming: Texture pool size is 0.00 MB
[2016.11.21-11.45.00:113][  0]LogMeshUtilities: Using QuadricMeshReduction for automatic static mesh reduction
[2016.11.21-11.45.00:212][  0]LogSimplygon: Simplygon DLL not present - disabling.
[2016.11.21-11.45.00:249][  0]LogMeshUtilities: Using SimplygonSwarm for distributed automatic mesh merging
[2016.11.21-11.45.00:249][  0]LogMeshUtilities: No automatic skeletal mesh reduction module available
[2016.11.21-11.45.00:249][  0]LogMeshUtilities: No automatic mesh merging module available
[2016.11.21-11.45.03:544][  0]LogNetVersion: GetLocalNetworkVersion: CL: 3195953, ProjectName: tiny_island, ProjectVersion: , EngineNetworkVersion: 2, GameNetworkVersion: 0, NetworkChecksum: 2943965697
[2016.11.21-11.45.03:681][  0]LogAssetRegistry: FAssetRegistry took 0.0243 seconds to start up
[2016.11.21-11.45.03:718][  0]LogPackageLocalizationCache: Processed 3 localized package path(s) for 2 prioritized culture(s) in 0.019263 seconds
[2016.11.21-11.45.03:723][  0]LogUObjectArray: 31946 objects as part of root set at end of initial load.
[2016.11.21-11.45.03:723][  0]LogUObjectAllocator: 6935848 out of 0 bytes used by permanent object pool.
[2016.11.21-11.45.03:723][  0]LogUObjectArray: CloseDisregardForGC: 0/0 objects in disregard for GC pool
[2016.11.21-11.45.03:769][  0]LogInit: WinSock: version 1.1 (2.2), MaxSocks=32767, MaxUdp=65467
[2016.11.21-11.45.04:854][  0]LogSlate: Using Freetype 2.6.0
[2016.11.21-11.45.04:888][  0]LogSlate: SlateFontCache - WITH_FREETYPE: 1, WITH_HARFBUZZ: 1
[2016.11.21-11.45.04:888][  0]LogSlate: SlateFontCache - WITH_FREETYPE: 1, WITH_HARFBUZZ: 1
[2016.11.21-11.45.11:650][  0]LogTcpMessaging: Initializing TcpMessaging bridge
[2016.11.21-11.45.11:686][  0]LogUdpMessaging: Initializing bridge on interface 0.0.0.0:0 to multicast group 230.0.0.1:6666.
[2016.11.21-11.45.12:363][  0]LogMaterial: Uniform references updated for custom material expression Custom.
[2016.11.21-11.45.13:048][  0]SourceControl: Info Source control is disabled
[2016.11.21-11.45.13:170][  0]SourceControl: Info Source control is disabled
[2016.11.21-11.45.13:242][  0]SourceControl: Info Source control is disabled
[2016.11.21-11.45.13:289][  0]SourceControl: Info Source control is disabled
[2016.11.21-11.45.14:754][  0]LogEngine: Initializing Engine...
[2016.11.21-11.45.18:124][  0]LogHMD: SteamVR initialized.  Driver: lighthouse  Display: LHR-5BFE32FD
[2016.11.21-11.45.18:907][  0]LogAIModule: Creating AISystem for world Untitled
[2016.11.21-11.45.18:977][  0]LogInit: XAudio2 using 'Speakers (Sound Blaster Recon3Di)' : 2 channels at 48 kHz using 32 bits per sample (channel mask 0x3)
[2016.11.21-11.45.18:993][  0]LogInit: FAudioDevice initialized.
[2016.11.21-11.45.19:013][  0]LogDerivedDataCache: Saved boot cache 0.02s 51MB C:/Users/Abertay/AppData/Local/UnrealEngine/4.14/DerivedDataCache/Boot.ddc.
[2016.11.21-11.45.19:019][  0]LogInit: Texture streaming: Enabled
[2016.11.21-11.45.19:279][  0]LogInit: Transaction tracking system initialized
[2016.11.21-11.45.19:766][  0]BlueprintLog: New page: Editor Load
[2016.11.21-11.45.20:926][  0]LocalizationService: Info Localization service is disabled
[2016.11.21-11.45.21:684][  0]LogConsoleResponse:Display: 
[2016.11.21-11.45.22:748][  0]LogFileCache: Scanning file cache for directory 'C:/Users/Abertay/Documents/jctwood honours/tiny_island/Content/' took 0.02s
[2016.11.21-11.45.22:748][  0]LogCook:Display: Max memory allowance for cook 16384mb min free memory 0mb
[2016.11.21-11.45.22:748][  0]LogCook:Display: Mobile HDR setting 1
[2016.11.21-11.45.23:922][  0]SourceControl: Info Source control is disabled
[2016.11.21-11.45.23:939][  0]Cmd: MAP LOAD FILE="C:/Users/Abertay/Documents/jctwood honours/tiny_island/Content/VirtualRealityBP/Maps/StartupMap.umap" TEMPLATE=0 SHOWPROGRESS=1 FEATURELEVEL=3
[2016.11.21-11.45.23:950][  0]LightingResults: New page: Lighting Build
[2016.11.21-11.45.24:119][  0]MapCheck: New page: Map Check
[2016.11.21-11.45.24:119][  0]LightingResults: New page: Lighting Build
[2016.11.21-11.45.24:667][  0]LogAIModule: Creating AISystem for world StartupMap
[2016.11.21-11.45.25:036][  0]LogEditorServer: Finished looking for orphan Actors (0.000 secs)
[2016.11.21-11.45.25:067][  0]Cmd: MAP CHECKDEP NOCLEARLOG
[2016.11.21-11.45.25:119][  0]MapCheck: Info Map check complete: 0 Error(s), 0 Warning(s), took 51.523ms to complete.
[2016.11.21-11.45.25:119][  0]LogFileHelpers: Loading map 'StartupMap' took 1.189
[2016.11.21-11.45.25:995][  0]LogCollectionManager: Loaded 0 collections in 0.000640 seconds
[2016.11.21-11.45.26:093][  0]LogFileCache: Scanning file cache for directory 'C:/Users/Abertay/Documents/jctwood honours/tiny_island/Saved/Collections/' took 0.01s
[2016.11.21-11.45.26:093][  0]LogFileCache: Scanning file cache for directory 'C:/Users/Abertay/Documents/jctwood honours/tiny_island/Content/Developers/Abertay/Collections/' took 0.01s
[2016.11.21-11.45.26:093][  0]LogFileCache: Scanning file cache for directory 'C:/Users/Abertay/Documents/jctwood honours/tiny_island/Content/Collections/' took 0.01s
[2016.11.21-11.45.26:093][  0]LogCollectionManager: Rebuilt the GUID cache for 0 collections in 0.000001 seconds
[2016.11.21-11.45.26:117][  0]LogContentBrowser: Native class hierarchy populated in 0.0231 seconds. Added 2191 classes and 431 folders.
[2016.11.21-11.45.26:156][  0]LogStats: UGameplayTagsManager::ConstructGameplayTagTree: Construct from data asset -  0.000 s
[2016.11.21-11.45.26:156][  0]LogStats: UGameplayTagsManager::ConstructGameplayTagTree: GameplayTagTreeChangedEvent.Broadcast -  0.000 s
[2016.11.21-11.45.26:157][  0]LogContentBrowser: Native class hierarchy updated for 'GameplayTags' in 0.0011 seconds. Added 13 classes and 0 folders.
[2016.11.21-11.45.26:198][  0]LogContentBrowser: Native class hierarchy updated for 'WidgetCarousel' in 0.0014 seconds. Added 0 classes and 0 folders.
[2016.11.21-11.45.26:728][  0]LogContentBrowser: Native class hierarchy updated for 'AddContentDialog' in 0.0011 seconds. Added 0 classes and 0 folders.
[2016.11.21-11.45.26:795][  0]LogContentBrowser: Native class hierarchy updated for 'SceneOutliner' in 0.0012 seconds. Added 1 classes and 2 folders.
[2016.11.21-11.45.27:272][  0]LogCrashTracker: Crashtracker disabled due to settings.
[2016.11.21-11.45.27:378][  0]LogUObjectGlobals:Warning: Failed to find object 'Class None.'
[2016.11.21-11.45.27:482][  0]LogContentBrowser: Native class hierarchy updated for 'HierarchicalLODOutliner' in 0.0011 seconds. Added 1 classes and 2 folders.
[2016.11.21-11.45.27:482][  0]LogLoad: (Engine Initialization) Total time: 50.11 seconds
[2016.11.21-11.45.27:482][  0]LogLoad: (Engine Initialization) Total Blueprint compile time: 0.35 seconds
[2016.11.21-11.45.27:483][  0]LogExternalProfiler: Found external profiler: VSPerf
[2016.11.21-11.45.27:483][  0]LogExternalProfiler: Using external profiler: VSPerf
[2016.11.21-11.45.27:508][  0]LogOcInput: OculusInput pre-init called
[2016.11.21-11.45.27:509][  0]LogOcInput: Can't find Oculus library dev build: is proper Runtime installed? Version: 1.8.0
[2016.11.21-11.45.27:689][  0]LogContentStreaming: Texture pool size now 1000 MB
[2016.11.21-11.45.28:349][  0]LogRenderer: Reallocating scene render targets to support 1056x556 NumSamples 1 (Frame:2).
[2016.11.21-11.45.28:500][  3]LogAssetRegistry: Asset discovery search completed in 24.8419 seconds
[2016.11.21-11.45.28:510][  3]LogCollectionManager: Rebuilt the object cache for 0 collections in 0.000001 seconds (found 0 objects)
[2016.11.21-11.45.28:510][  3]LogCollectionManager: Fixed up redirectors for 0 collections in 0.009699 seconds (updated 0 objects)
[2016.11.21-11.46.05:155][385]LogTemp: Repeting last play command: VR Preview
[2016.11.21-11.46.05:185][385]LogPlayLevel: PlayLevel: No blueprints needed recompiling
[2016.11.21-11.46.05:216][385]PIE: New page: PIE session: StartupMap (21 Nov 2016 11:46:05)
[2016.11.21-11.46.05:224][385]LogPlayLevel: Creating play world package: /Game/VirtualRealityBP/Maps/UEDPIE_0_StartupMap
[2016.11.21-11.46.05:239][385]LogPlayLevel: PIE: StaticDuplicateObject took: (0.015170s)
[2016.11.21-11.46.05:240][385]LogAIModule: Creating AISystem for world StartupMap
[2016.11.21-11.46.05:240][385]LogPlayLevel: PIE: World Init took: (0.000724s)
[2016.11.21-11.46.05:244][385]LogPlayLevel: PIE: Created PIE world by copying editor world from /Game/VirtualRealityBP/Maps/StartupMap.StartupMap to /Game/VirtualRealityBP/Maps/UEDPIE_0_StartupMap.StartupMap (0.027895s)
[2016.11.21-11.46.05:267][385]LogInit: XAudio2 using 'Speakers (Sound Blaster Recon3Di)' : 2 channels at 48 kHz using 32 bits per sample (channel mask 0x3)
[2016.11.21-11.46.05:273][385]LogInit: FAudioDevice initialized.
[2016.11.21-11.46.05:357][385]LogUObjectGlobals:Warning: Failed to find object 'Class None.'
[2016.11.21-11.46.05:357][385]LogLoad: Game class is 'GameModeBase'
[2016.11.21-11.46.05:402][385]LogWorld: Bringing World /Game/VirtualRealityBP/Maps/UEDPIE_0_StartupMap.StartupMap up for play (max tick rate 0) at 2016.11.21-11.46.05
[2016.11.21-11.46.05:403][385]LogWorld: Bringing up level for play took: 0.001531
[2016.11.21-11.46.05:473][385]LogContentBrowser: Native class hierarchy updated for 'MovieSceneCapture' in 0.0012 seconds. Added 11 classes and 0 folders.
[2016.11.21-11.46.05:504][385]PIE: Info Play in editor start time for /Game/VirtualRealityBP/Maps/UEDPIE_0_StartupMap 0.683
[2016.11.21-11.46.05:564][386]LogRenderer: Reallocating scene render targets to support 3024x1680 NumSamples 1 (Frame:4376).
[2016.11.21-11.46.51:802][832]LogAIModule: Creating AISystem for world MotionControllerMap
[2016.11.21-11.46.51:931][832]Cmd: MAP LOAD FILE="C:/Users/Abertay/Documents/jctwood honours/tiny_island/Content/VirtualRealityBP/Maps/MotionControllerMap.umap" TEMPLATE=0 SHOWPROGRESS=1 FEATURELEVEL=3
[2016.11.21-11.46.51:931][832]LightingResults: New page: Lighting Build
[2016.11.21-11.46.51:931][832]LoadErrors: New page: Loading map: MotionControllerMap.umap
[2016.11.21-11.46.51:932][832]MapCheck: New page: Map Check
[2016.11.21-11.46.51:932][832]LightingResults: New page: Lighting Build
[2016.11.21-11.46.51:994][832]LogEditorServer: Finished looking for orphan Actors (0.000 secs)
[2016.11.21-11.46.52:030][832]Cmd: MAP CHECKDEP NOCLEARLOG
[2016.11.21-11.46.52:061][832]MapCheck: Info Map check complete: 0 Error(s), 0 Warning(s), took 30.343ms to complete.
[2016.11.21-11.46.52:061][832]LogFileHelpers: Loading map 'MotionControllerMap' took 0.168
[2016.11.21-11.46.53:647][ 13]LogTemp: Repeting last play command: VR Preview
[2016.11.21-11.46.53:663][ 13]LogBlueprintUserMessages: Early PlayInEditor Detection: Level '/Game/VirtualRealityBP/Maps/MotionControllerMap.MotionControllerMap:PersistentLevel' has LevelScriptBlueprint '/Game/VirtualRealityBP/Maps/MotionControllerMap.MotionControllerMap:PersistentLevel.MotionControllerMap' with GeneratedClass '/Game/VirtualRealityBP/Maps/MotionControllerMap.MotionControllerMap_C' with ClassGeneratedBy '/Game/VirtualRealityBP/Maps/MotionControllerMap.MotionControllerMap:PersistentLevel.MotionControllerMap'
[2016.11.21-11.46.53:663][ 13]LogPlayLevel: PlayLevel: No blueprints needed recompiling
[2016.11.21-11.46.53:663][ 13]PIE: New page: PIE session: MotionControllerMap (21 Nov 2016 11:46:53)
[2016.11.21-11.46.53:664][ 13]LogPlayLevel: Creating play world package: /Game/VirtualRealityBP/Maps/UEDPIE_0_MotionControllerMap
[2016.11.21-11.46.53:671][ 13]LogPlayLevel: PIE: StaticDuplicateObject took: (0.007185s)
[2016.11.21-11.46.53:671][ 13]LogAIModule: Creating AISystem for world MotionControllerMap
[2016.11.21-11.46.53:671][ 13]LogPlayLevel: PIE: World Init took: (0.000474s)
[2016.11.21-11.46.53:671][ 13]LogPlayLevel: PIE: Created PIE world by copying editor world from /Game/VirtualRealityBP/Maps/MotionControllerMap.MotionControllerMap to /Game/VirtualRealityBP/Maps/UEDPIE_0_MotionControllerMap.MotionControllerMap (0.007852s)
[2016.11.21-11.46.53:689][ 13]LogInit: XAudio2 using 'Speakers (Sound Blaster Recon3Di)' : 2 channels at 48 kHz using 32 bits per sample (channel mask 0x3)
[2016.11.21-11.46.53:698][ 13]LogInit: FAudioDevice initialized.
[2016.11.21-11.46.53:769][ 13]LogUObjectGlobals:Warning: Failed to find object 'Class None.'
[2016.11.21-11.46.53:769][ 13]LogLoad: Game class is 'GameModeBase'
[2016.11.21-11.46.53:772][ 13]LogWorld: Bringing World /Game/VirtualRealityBP/Maps/UEDPIE_0_MotionControllerMap.MotionControllerMap up for play (max tick rate 0) at 2016.11.21-11.46.53
[2016.11.21-11.46.53:781][ 13]LogWorld: Bringing up level for play took: 0.010966
[2016.11.21-11.46.53:804][ 13]PIE: Info Play in editor start time for /Game/VirtualRealityBP/Maps/UEDPIE_0_MotionControllerMap 0.982
[2016.11.21-11.46.53:804][ 13]LogBlueprintUserMessages: Late PlayInEditor Detection: Level '/Game/VirtualRealityBP/Maps/MotionControllerMap.MotionControllerMap:PersistentLevel' has LevelScriptBlueprint '/Game/VirtualRealityBP/Maps/MotionControllerMap.MotionControllerMap:PersistentLevel.MotionControllerMap' with GeneratedClass '/Game/VirtualRealityBP/Maps/MotionControllerMap.MotionControllerMap_C' with ClassGeneratedBy '/Game/VirtualRealityBP/Maps/MotionControllerMap.MotionControllerMap:PersistentLevel.MotionControllerMap'
[2016.11.21-11.49.13:698][517]LogBlueprintUserMessages: Early EndPlayMap Detection: Level '/Game/VirtualRealityBP/Maps/MotionControllerMap.MotionControllerMap:PersistentLevel' has LevelScriptBlueprint '/Game/VirtualRealityBP/Maps/MotionControllerMap.MotionControllerMap:PersistentLevel.MotionControllerMap' with GeneratedClass '/Game/VirtualRealityBP/Maps/MotionControllerMap.MotionControllerMap_C' with ClassGeneratedBy '/Game/VirtualRealityBP/Maps/MotionControllerMap.MotionControllerMap:PersistentLevel.MotionControllerMap'
[2016.11.21-11.49.13:801][517]LogBlueprintUserMessages: Late EndPlayMap Detection: Level '/Game/VirtualRealityBP/Maps/MotionControllerMap.MotionControllerMap:PersistentLevel' has LevelScriptBlueprint '/Game/VirtualRealityBP/Maps/MotionControllerMap.MotionControllerMap:PersistentLevel.MotionControllerMap' with GeneratedClass '/Game/VirtualRealityBP/Maps/MotionControllerMap.MotionControllerMap_C' with ClassGeneratedBy '/Game/VirtualRealityBP/Maps/MotionControllerMap.MotionControllerMap:PersistentLevel.MotionControllerMap'
[2016.11.21-11.49.16:102][777]LogWindowsTextInputMethodSystem:Display: IME system now deactivated.
[2016.11.21-11.49.16:358][778]Cmd: QUIT_EDITOR
[2016.11.21-11.49.16:954][778]LogExit: Preparing to exit.
[2016.11.21-11.49.18:037][778]LogExit: Editor shut down
[2016.11.21-11.49.18:037][778]LogExit: Transaction tracking system shut down
[2016.11.21-11.49.18:473][778]LogObj: Freed 0b from 0 cluster array pools.
[2016.11.21-11.49.18:482][778]LogExit: Object subsystem successfully closed.
[2016.11.21-11.49.18:507][778]LogD3D11RHI: Shutdown
[2016.11.21-11.49.18:507][778]LogD3D11RHI: CleanupD3DDevice
[2016.11.21-11.49.18:520][778]LogD3D11RHI: ~FD3D11DynamicRHI
[2016.11.21-11.49.18:754][778]LogHttp:Display: Http module shutting down, but needs to wait on 1 outstanding Http requests:
[2016.11.21-11.49.18:754][778]LogHttp:Display: 	verb=[POST] url=[https://datarouter.ol.epicgames.com/datarouter/api/v1/public/data?SessionID=%7B3911DEBF-42A6-17CC-16FD-C0B65E4B29C9%7D&AppID=UEEditor.Rocket.Release&AppVersion=4.14.0-3195953%2B%2B%2BUE4%2BRelease-4.14&UserID=cb976c5e4ed07b061cad55af25efa7f0%7C6d4555b4d90a40cc84b1cc93169708cd%7Cda0b8ddb-3f02-4bfb-a558-84d5e7150467&AppEnvironment=datacollector-binary&UploadType=eteventstream] status=Processing
[2016.11.21-11.49.18:764][778]LogModuleManager: Shutting down and abandoning module MovieSceneCapture (243)
[2016.11.21-11.49.18:764][778]LogModuleManager: Shutting down and abandoning module HierarchicalLODOutliner (242)
[2016.11.21-11.49.18:765][778]LogModuleManager: Shutting down and abandoning module CrashTracker (241)
[2016.11.21-11.49.18:765][778]LogModuleManager: Shutting down and abandoning module SceneOutliner (240)
[2016.11.21-11.49.18:765][778]LogModuleManager: Shutting down and abandoning module WidgetCarousel (239)
[2016.11.21-11.49.18:765][778]LogModuleManager: Shutting down and abandoning module AddContentDialog (238)
[2016.11.21-11.49.18:765][778]LogDirectoryWatcher: A directory notification for 'D:/Program Files (x86)/Epic Games/4.14/FeaturePacks/' was aborted.
[2016.11.21-11.49.18:766][778]LogModuleManager: Shutting down and abandoning module GameplayTags (237)
[2016.11.21-11.49.18:766][778]LogModuleManager: Shutting down and abandoning module EditorWidgets (236)
[2016.11.21-11.49.18:766][778]LogModuleManager: Shutting down and abandoning module CollectionManager (235)
[2016.11.21-11.49.18:766][778]LogDirectoryWatcher: A directory notification for 'C:/Users/Abertay/Documents/jctwood honours/tiny_island/Content/Collections/' was aborted.
[2016.11.21-11.49.18:766][778]LogDirectoryWatcher: A directory notification for 'C:/Users/Abertay/Documents/jctwood honours/tiny_island/Content/Developers/Abertay/Collections/' was aborted.
[2016.11.21-11.49.18:766][778]LogDirectoryWatcher: A directory notification for 'C:/Users/Abertay/Documents/jctwood honours/tiny_island/Saved/Collections/' was aborted.
[2016.11.21-11.49.18:766][778]LogModuleManager: Shutting down and abandoning module StatsViewer (234)
[2016.11.21-11.49.18:766][778]LogModuleManager: Shutting down and abandoning module FoliageEdit (233)
[2016.11.21-11.49.18:766][778]LogModuleManager: Shutting down and abandoning module LandscapeEditor (232)
[2016.11.21-11.49.18:772][778]LogModuleManager: Shutting down and abandoning module SceneDepthPickerMode (231)
[2016.11.21-11.49.18:772][778]LogModuleManager: Shutting down and abandoning module ActorPickerMode (230)
[2016.11.21-11.49.18:772][778]LogModuleManager: Shutting down and abandoning module GeometryMode (229)
[2016.11.21-11.49.18:772][778]LogModuleManager: Shutting down and abandoning module TextureAlignMode (228)
[2016.11.21-11.49.18:772][778]LogModuleManager: Shutting down and abandoning module BspMode (227)
[2016.11.21-11.49.18:772][778]LogModuleManager: Shutting down and abandoning module HardwareSurvey (226)
[2016.11.21-11.49.18:772][778]LogModuleManager: Shutting down and abandoning module SequenceRecorderSections (225)
[2016.11.21-11.49.18:772][778]LogModuleManager: Shutting down and abandoning module AutomationWorker (224)
[2016.11.21-11.49.18:772][778]LogModuleManager: Shutting down and abandoning module MatineeToLevelSequence (223)
[2016.11.21-11.49.18:772][778]LogModuleManager: Shutting down and abandoning module PlacementMode (222)
[2016.11.21-11.49.18:784][778]LogModuleManager: Shutting down and abandoning module LevelSequenceEditor (221)
[2016.11.21-11.49.18:791][778]LogModuleManager: Shutting down and abandoning module WmfMediaFactory (220)
[2016.11.21-11.49.18:791][778]LogModuleManager: Shutting down and abandoning module WmfMediaEditor (219)
[2016.11.21-11.49.18:791][778]LogModuleManager: Shutting down and abandoning module AvfMediaFactory (218)
[2016.11.21-11.49.18:791][778]LogModuleManager: Shutting down and abandoning module AvfMediaEditor (217)
[2016.11.21-11.49.18:791][778]LogModuleManager: Shutting down and abandoning module Media (216)
[2016.11.21-11.49.18:791][778]LogModuleManager: Shutting down and abandoning module AndroidMediaFactory (215)
[2016.11.21-11.49.18:791][778]LogModuleManager: Shutting down and abandoning module AndroidMediaEditor (214)
[2016.11.21-11.49.18:791][778]LogModuleManager: Shutting down and abandoning module CharacterAI (213)
[2016.11.21-11.49.18:791][778]LogModuleManager: Shutting down and abandoning module SequenceRecorder (212)
[2016.11.21-11.49.18:799][778]LogModuleManager: Shutting down and abandoning module AudioCapture (211)
[2016.11.21-11.49.18:799][778]LogModuleManager: Shutting down and abandoning module SmartSnapping (210)
[2016.11.21-11.49.18:799][778]LogModuleManager: Shutting down and abandoning module SessionServices (209)
[2016.11.21-11.49.18:799][778]LogModuleManager: Shutting down and abandoning module ViewportSnapping (208)
[2016.11.21-11.49.18:799][778]LogModuleManager: Shutting down and abandoning module ViewportInteraction (207)
[2016.11.21-11.49.18:799][778]LogModuleManager: Shutting down and abandoning module LogVisualizer (206)
[2016.11.21-11.49.18:810][778]LogModuleManager: Shutting down and abandoning module GameProjectGeneration (205)
[2016.11.21-11.49.18:820][778]LogModuleManager: Shutting down and abandoning module IntroTutorials (204)
[2016.11.21-11.49.18:829][778]LogModuleManager: Shutting down and abandoning module EditorLiveStreaming (203)
[2016.11.21-11.49.18:829][778]LogModuleManager: Shutting down and abandoning module IOSPlatformEditor (202)
[2016.11.21-11.49.18:829][778]LogModuleManager: Shutting down and abandoning module HTML5PlatformEditor (201)
[2016.11.21-11.49.18:829][778]LogModuleManager: Shutting down and abandoning module AndroidDeviceDetection (200)
[2016.11.21-11.49.19:448][778]LogModuleManager: Shutting down and abandoning module AndroidPlatformEditor (199)
[2016.11.21-11.49.19:448][778]LogModuleManager: Shutting down and abandoning module IOSRuntimeSettings (198)
[2016.11.21-11.49.19:448][778]LogModuleManager: Shutting down and abandoning module AndroidRuntimeSettings (197)
[2016.11.21-11.49.19:448][778]LogModuleManager: Shutting down and abandoning module InputBindingEditor (196)
[2016.11.21-11.49.19:448][778]LogModuleManager: Shutting down and abandoning module NiagaraEditor (195)
[2016.11.21-11.49.19:460][778]LogModuleManager: Shutting down and abandoning module MergeActors (194)
[2016.11.21-11.49.19:465][778]LogModuleManager: Shutting down and abandoning module SizeMap (193)
[2016.11.21-11.49.19:465][778]LogModuleManager: Shutting down and abandoning module TreeMap (192)
[2016.11.21-11.49.19:465][778]LogModuleManager: Shutting down and abandoning module ReferenceViewer (191)
[2016.11.21-11.49.19:465][778]LogModuleManager: Shutting down and abandoning module LocalizationService (190)
[2016.11.21-11.49.19:465][778]LogModuleManager: Shutting down and abandoning module LocalizationDashboard (189)
[2016.11.21-11.49.19:475][778]LogModuleManager: Shutting down and abandoning module HardwareTargeting (188)
[2016.11.21-11.49.19:475][778]LogModuleManager: Shutting down and abandoning module DeviceProfileEditor (187)
[2016.11.21-11.49.19:485][778]LogModuleManager: Shutting down and abandoning module UndoHistory (186)
[2016.11.21-11.49.19:494][778]LogModuleManager: Shutting down and abandoning module UserFeedback (185)
[2016.11.21-11.49.19:494][778]LogModuleManager: Shutting down and abandoning module XmlParser (184)
[2016.11.21-11.49.19:494][778]LogModuleManager: Shutting down and abandoning module Blutility (183)
[2016.11.21-11.49.19:494][778]LogModuleManager: Shutting down and abandoning module ProjectTargetPlatformEditor (182)
[2016.11.21-11.49.19:494][778]LogModuleManager: Shutting down and abandoning module ProjectSettingsViewer (181)
[2016.11.21-11.49.19:494][778]LogModuleManager: Shutting down and abandoning module EditorSettingsViewer (180)
[2016.11.21-11.49.19:494][778]LogModuleManager: Shutting down and abandoning module SettingsEditor (179)
[2016.11.21-11.49.19:506][778]LogModuleManager: Shutting down and abandoning module ProjectLauncher (178)
[2016.11.21-11.49.19:518][778]LogModuleManager: Shutting down and abandoning module SessionFrontend (177)
[2016.11.21-11.49.19:521][778]LogModuleManager: Shutting down and abandoning module ProfilerClient (176)
[2016.11.21-11.49.19:530][778]LogModuleManager: Shutting down and abandoning module TargetDeviceServices (175)
[2016.11.21-11.49.19:530][778]LogModuleManager: Shutting down and abandoning module DeviceManager (174)
[2016.11.21-11.49.19:586][778]LogModuleManager: Shutting down and abandoning module AutomationController (173)
[2016.11.21-11.49.19:587][778]LogModuleManager: Shutting down and abandoning module AutomationWindow (172)
[2016.11.21-11.49.19:600][778]LogModuleManager: Shutting down and abandoning module Layers (171)
[2016.11.21-11.49.19:610][778]LogModuleManager: Shutting down and abandoning module ComponentVisualizers (170)
[2016.11.21-11.49.19:610][778]LogModuleManager: Shutting down and abandoning module DetailCustomizations (169)
[2016.11.21-11.49.19:610][778]LogModuleManager: Shutting down and abandoning module PackagesDialog (168)
[2016.11.21-11.49.19:619][778]LogModuleManager: Shutting down and abandoning module AnimGraph (167)
[2016.11.21-11.49.19:619][778]LogModuleManager: Shutting down and abandoning module Persona (166)
[2016.11.21-11.49.19:627][778]LogModuleManager: Shutting down and abandoning module Kismet (165)
[2016.11.21-11.49.19:627][778]LogModuleManager: Shutting down and abandoning module GraphEditor (164)
[2016.11.21-11.49.19:635][778]LogModuleManager: Shutting down and abandoning module ClassViewer (163)
[2016.11.21-11.49.19:646][778]LogModuleManager: Shutting down and abandoning module Toolbox (162)
[2016.11.21-11.49.19:646][778]LogModuleManager: Shutting down and abandoning module ModuleUI (161)
[2016.11.21-11.49.19:656][778]LogModuleManager: Shutting down and abandoning module MovieSceneTools (160)
[2016.11.21-11.49.19:664][778]LogModuleManager: Shutting down and abandoning module OutputLog (159)
[2016.11.21-11.49.19:670][778]LogModuleManager: Shutting down and abandoning module GammaUI (158)
[2016.11.21-11.49.19:680][778]LogModuleManager: Shutting down and abandoning module Documentation (157)
[2016.11.21-11.49.19:680][778]LogModuleManager: Shutting down and abandoning module Niagara (156)
[2016.11.21-11.49.19:680][778]LogModuleManager: Shutting down and abandoning module StreamingPauseRendering (155)
[2016.11.21-11.49.19:680][778]LogModuleManager: Shutting down and abandoning module AnalyticsET (154)
[2016.11.21-11.49.19:680][778]LogModuleManager: Shutting down and abandoning module PortalServices (153)
[2016.11.21-11.49.19:680][778]LogModuleManager: Shutting down and abandoning module PortalRpc (152)
[2016.11.21-11.49.19:680][778]LogModuleManager: Shutting down and abandoning module MessagingRpc (151)
[2016.11.21-11.49.19:680][778]LogModuleManager: Shutting down and abandoning module GameplayDebugger (150)
[2016.11.21-11.49.19:680][778]LogModuleManager: Shutting down and abandoning module AITestSuite (149)
[2016.11.21-11.49.19:680][778]LogModuleManager: Shutting down and abandoning module AIModule (148)
[2016.11.21-11.49.19:680][778]LogModuleManager: Shutting down and abandoning module ProfilerService (147)
[2016.11.21-11.49.19:912][778]LogModuleManager: Shutting down and abandoning module TaskGraph (146)
[2016.11.21-11.49.19:923][778]LogModuleManager: Shutting down and abandoning module SlateRemote (145)
[2016.11.21-11.49.19:923][778]LogModuleManager: Shutting down and abandoning module SteamVRController (144)
[2016.11.21-11.49.19:923][778]LogModuleManager: Shutting down and abandoning module SteamVR (143)
[2016.11.21-11.49.19:923][778]LogModuleManager: Shutting down and abandoning module ProceduralMeshComponentEditor (142)
[2016.11.21-11.49.19:923][778]LogModuleManager: Shutting down and abandoning module ProceduralMeshComponent (141)
[2016.11.21-11.49.19:923][778]LogModuleManager: Shutting down and abandoning module OculusLibrary (140)
[2016.11.21-11.49.19:923][778]LogModuleManager: Shutting down and abandoning module OculusInput (139)
[2016.11.21-11.49.19:923][778]LogModuleManager: Shutting down and abandoning module MobilePatchingUtils (138)
[2016.11.21-11.49.19:923][778]LogModuleManager: Shutting down and abandoning module CustomMeshComponent (137)
[2016.11.21-11.49.19:923][778]LogModuleManager: Shutting down and abandoning module CableComponent (136)
[2016.11.21-11.49.19:923][778]LogModuleManager: Shutting down and abandoning module ArchVisCharacter (135)
[2016.11.21-11.49.19:923][778]LogModuleManager: Shutting down and abandoning module MediaPlayerEditor (133)
[2016.11.21-11.49.19:934][778]LogModuleManager: Shutting down and abandoning module HTML5Networking (132)
[2016.11.21-11.49.19:942][778]LogModuleManager: Shutting down and abandoning module GeometryCacheEd (131)
[2016.11.21-11.49.19:942][778]LogModuleManager: Shutting down and abandoning module GeometryCache (130)
[2016.11.21-11.49.19:942][778]LogModuleManager: Shutting down and abandoning module AlembicLibrary (129)
[2016.11.21-11.49.19:942][778]LogModuleManager: Shutting down and abandoning module AlembicImporter (128)
[2016.11.21-11.49.19:942][778]LogModuleManager: Shutting down and abandoning module SuperSearch (127)
[2016.11.21-11.49.19:942][778]LogModuleManager: Shutting down and abandoning module SuperSearchEditor (126)
[2016.11.21-11.49.19:942][778]LogModuleManager: Shutting down and abandoning module SpeedTreeImporter (125)
[2016.11.21-11.49.19:942][778]LogModuleManager: Shutting down and abandoning module PluginBrowser (124)
[2016.11.21-11.49.19:942][778]LogModuleManager: Shutting down and abandoning module MobileLauncherProfileWizard (123)
[2016.11.21-11.49.19:954][778]LogModuleManager: Shutting down and abandoning module EpicSurvey (122)
[2016.11.21-11.49.19:954][778]LogModuleManager: Shutting down and abandoning module DesktopPlatform (121)
[2016.11.21-11.49.19:954][778]LogModuleManager: Shutting down and abandoning module VisualStudioSourceCodeAccess (120)
[2016.11.21-11.49.19:954][778]LogModuleManager: Shutting down and abandoning module UObjectPlugin (119)
[2016.11.21-11.49.19:954][778]LogModuleManager: Shutting down and abandoning module SubversionSourceControl (118)
[2016.11.21-11.49.19:954][778]LogModuleManager: Shutting down and abandoning module PerforceSourceControl (117)
[2016.11.21-11.49.19:954][778]LogModuleManager: Shutting down and abandoning module SourceControl (116)
[2016.11.21-11.49.19:954][778]LogModuleManager: Shutting down and abandoning module GitSourceControl (115)
[2016.11.21-11.49.19:954][778]LogModuleManager: Shutting down and abandoning module LightPropagationVolumeEditor (114)
[2016.11.21-11.49.19:954][778]LogModuleManager: Shutting down and abandoning module PaperTiledImporter (113)
[2016.11.21-11.49.19:954][778]LogModuleManager: Shutting down and abandoning module PaperSpriteSheetImporter (112)
[2016.11.21-11.49.19:954][778]LogModuleManager: Shutting down and abandoning module MeshPaint (111)
[2016.11.21-11.49.19:954][778]LogModuleManager: Shutting down and abandoning module PixelInspectorModule (110)
[2016.11.21-11.49.19:954][778]LogModuleManager: Shutting down and abandoning module HotReload (109)
[2016.11.21-11.49.19:954][778]LogDirectoryWatcher: A directory notification for 'C:/Users/Abertay/Documents/jctwood honours/tiny_island/Binaries/Win64' was aborted.
[2016.11.21-11.49.19:954][778]LogModuleManager: Shutting down and abandoning module MainFrame (108)
[2016.11.21-11.49.19:955][778]LogModuleManager: Shutting down and abandoning module LevelEditor (107)
[2016.11.21-11.49.19:955][778]LogModuleManager: Shutting down and abandoning module ContentBrowser (106)
[2016.11.21-11.49.19:956][778]LogModuleManager: Shutting down and abandoning module Paper2DEditor (105)
[2016.11.21-11.49.19:964][778]LogModuleManager: Shutting down and abandoning module tiny_island (104)
[2016.11.21-11.49.19:964][778]LogModuleManager: Shutting down and abandoning module UdpMessaging (103)
[2016.11.21-11.49.20:065][778]LogModuleManager: Shutting down and abandoning module TcpMessaging (102)
[2016.11.21-11.49.20:165][778]LogModuleManager: Shutting down and abandoning module LightPropagationVolumeRuntime (101)
[2016.11.21-11.49.20:165][778]LogModuleManager: Shutting down and abandoning module Paper2D (100)
[2016.11.21-11.49.20:165][778]LogModuleManager: Shutting down and abandoning module WindowsMoviePlayer (99)
[2016.11.21-11.49.20:165][778]LogModuleManager: Shutting down and abandoning module WmfMedia (98)
[2016.11.21-11.49.20:169][778]LogModuleManager: Shutting down and abandoning module MediaAssets (97)
[2016.11.21-11.49.20:169][778]LogModuleManager: Shutting down and abandoning module GameLiveStreaming (96)
[2016.11.21-11.49.20:169][778]LogModuleManager: Shutting down and abandoning module GameplayTagsEditor (95)
[2016.11.21-11.49.20:169][778]LogModuleManager: Shutting down and abandoning module VREditor (94)
[2016.11.21-11.49.20:169][778]LogModuleManager: Shutting down and abandoning module GameplayTasksEditor (93)
[2016.11.21-11.49.20:169][778]LogModuleManager: Shutting down and abandoning module BehaviorTreeEditor (92)
[2016.11.21-11.49.20:182][778]LogModuleManager: Shutting down and abandoning module FunctionalTesting (91)
[2016.11.21-11.49.20:182][778]LogModuleManager: Shutting down and abandoning module CollisionAnalyzer (90)
[2016.11.21-11.49.20:188][778]LogModuleManager: Shutting down and abandoning module Sequencer (89)
[2016.11.21-11.49.20:196][778]LogModuleManager: Shutting down and abandoning module WorkspaceMenuStructure (88)
[2016.11.21-11.49.20:196][778]LogModuleManager: Shutting down and abandoning module MessageLog (87)
[2016.11.21-11.49.20:196][778]LogModuleManager: Shutting down and abandoning module AssetTools (86)
[2016.11.21-11.49.20:206][778]LogModuleManager: Shutting down and abandoning module UMGEditor (85)
[2016.11.21-11.49.20:211][778]LogModuleManager: Shutting down and abandoning module UMG (84)
[2016.11.21-11.49.20:217][778]LogModuleManager: Shutting down and abandoning module SlateReflector (83)
[2016.11.21-11.49.20:221][778]LogModuleManager: Shutting down and abandoning module Slate (82)
[2016.11.21-11.49.20:221][778]LogModuleManager: Shutting down and abandoning module EditorStyle (81)
[2016.11.21-11.49.20:222][778]LogModuleManager: Shutting down and abandoning module SourceCodeAccess (80)
[2016.11.21-11.49.20:222][778]LogModuleManager: Shutting down and abandoning module HeadMountedDisplay (79)
[2016.11.21-11.49.20:222][778]LogModuleManager: Shutting down and abandoning module XAudio2 (78)
[2016.11.21-11.49.20:222][778]LogModuleManager: Shutting down and abandoning module Networking (76)
[2016.11.21-11.49.20:222][778]LogModuleManager: Shutting down and abandoning module Core (75)
[2016.11.21-11.49.20:222][778]LogModuleManager: Shutting down and abandoning module DirectoryWatcher (74)
[2016.11.21-11.49.20:222][778]LogDirectoryWatcher: A directory notification for '../../../Engine/Content/' was aborted.
[2016.11.21-11.49.20:222][778]LogDirectoryWatcher: A directory notification for 'C:/Users/Abertay/Documents/jctwood honours/tiny_island/Content/' was aborted.
[2016.11.21-11.49.20:223][778]LogDirectoryWatcher: A directory notification for '../../../Engine/Plugins/2D/Paper2D/Content/' was aborted.
[2016.11.21-11.49.20:223][778]LogModuleManager: Shutting down and abandoning module AssetRegistry (73)
[2016.11.21-11.49.20:452][778]LogModuleManager: Shutting down and abandoning module KismetCompiler (72)
[2016.11.21-11.49.20:452][778]LogModuleManager: Shutting down and abandoning module PhysXFormats (71)
[2016.11.21-11.49.20:452][778]LogModuleManager: Shutting down and abandoning module SimplygonSwarm (70)
[2016.11.21-11.49.20:452][778]LogModuleManager: Shutting down and abandoning module SimplygonMeshReduction (69)
[2016.11.21-11.49.20:452][778]LogModuleManager: Shutting down and abandoning module QuadricMeshReduction (68)
[2016.11.21-11.49.20:452][778]LogModuleManager: Shutting down and abandoning module PropertyEditor (67)
[2016.11.21-11.49.20:453][778]LogModuleManager: Shutting down and abandoning module MeshUtilities (66)
[2016.11.21-11.49.20:460][778]LogModuleManager: Shutting down and abandoning module DerivedDataCache (65)
[2016.11.21-11.49.20:509][778]LogDerivedDataCache: Shutdown
[2016.11.21-11.49.20:509][778]LogModuleManager: Shutting down and abandoning module VulkanShaderFormat (64)
[2016.11.21-11.49.20:509][778]LogModuleManager: Shutting down and abandoning module ShaderFormatOpenGL (63)
[2016.11.21-11.49.20:524][778]LogModuleManager: Shutting down and abandoning module ShaderFormatD3D (62)
[2016.11.21-11.49.20:524][778]LogModuleManager: Shutting down and abandoning module MetalShaderFormat (61)
[2016.11.21-11.49.20:532][778]LogModuleManager: Shutting down and abandoning module TextureFormatUncompressed (60)
[2016.11.21-11.49.20:532][778]LogModuleManager: Shutting down and abandoning module TextureFormatPVR (59)
[2016.11.21-11.49.20:532][778]LogModuleManager: Shutting down and abandoning module TextureFormatDXT (58)
[2016.11.21-11.49.20:532][778]LogModuleManager: Shutting down and abandoning module TextureFormatIntelISPCTexComp (57)
[2016.11.21-11.49.20:532][778]LogModuleManager: Shutting down and abandoning module ImageWrapper (56)
[2016.11.21-11.49.20:532][778]LogModuleManager: Shutting down and abandoning module TextureFormatASTC (55)
[2016.11.21-11.49.20:532][778]LogModuleManager: Shutting down and abandoning module TextureFormatAndroid (54)
[2016.11.21-11.49.20:532][778]LogModuleManager: Shutting down and abandoning module AudioFormatOpus (53)
[2016.11.21-11.49.20:532][778]LogModuleManager: Shutting down and abandoning module AudioFormatOgg (52)
[2016.11.21-11.49.20:532][778]LogModuleManager: Shutting down and abandoning module AudioFormatADPCM (51)
[2016.11.21-11.49.20:532][778]LogModuleManager: Shutting down and abandoning module LinuxTargetPlatform (50)
[2016.11.21-11.49.20:532][778]LogModuleManager: Shutting down and abandoning module LinuxServerTargetPlatform (49)
[2016.11.21-11.49.20:532][778]LogModuleManager: Shutting down and abandoning module LinuxNoEditorTargetPlatform (48)
[2016.11.21-11.49.20:532][778]LogModuleManager: Shutting down and abandoning module LinuxClientTargetPlatform (47)
[2016.11.21-11.49.20:532][778]LogModuleManager: Shutting down and abandoning module TVOSTargetPlatform (46)
[2016.11.21-11.49.20:532][778]LogModuleManager: Shutting down and abandoning module Messaging (45)
[2016.11.21-11.49.20:532][778]LogModuleManager: Shutting down and abandoning module IOSTargetPlatform (44)
[2016.11.21-11.49.20:532][778]LogModuleManager: Shutting down and abandoning module HTML5TargetPlatform (43)
[2016.11.21-11.49.20:532][778]LogModuleManager: Shutting down and abandoning module Android_PVRTCTargetPlatform (42)
[2016.11.21-11.49.20:532][778]LogModuleManager: Shutting down and abandoning module Android_MultiTargetPlatform (41)
[2016.11.21-11.49.20:532][778]LogModuleManager: Shutting down and abandoning module Android_ETC2TargetPlatform (40)
[2016.11.21-11.49.20:532][778]LogModuleManager: Shutting down and abandoning module Android_ETC1TargetPlatform (39)
[2016.11.21-11.49.20:532][778]LogModuleManager: Shutting down and abandoning module Android_DXTTargetPlatform (38)
[2016.11.21-11.49.20:532][778]LogModuleManager: Shutting down and abandoning module Android_ATCTargetPlatform (37)
[2016.11.21-11.49.20:532][778]LogModuleManager: Shutting down and abandoning module Android_ASTCTargetPlatform (36)
[2016.11.21-11.49.20:532][778]LogModuleManager: Shutting down and abandoning module AndroidTargetPlatform (35)
[2016.11.21-11.49.20:532][778]LogModuleManager: Shutting down and abandoning module WindowsTargetPlatform (34)
[2016.11.21-11.49.20:532][778]LogModuleManager: Shutting down and abandoning module WindowsServerTargetPlatform (33)
[2016.11.21-11.49.20:532][778]LogModuleManager: Shutting down and abandoning module WindowsNoEditorTargetPlatform (32)
[2016.11.21-11.49.20:532][778]LogModuleManager: Shutting down and abandoning module WindowsClientTargetPlatform (31)
[2016.11.21-11.49.20:532][778]LogModuleManager: Shutting down and abandoning module MacTargetPlatform (30)
[2016.11.21-11.49.20:532][778]LogModuleManager: Shutting down and abandoning module MacServerTargetPlatform (29)
[2016.11.21-11.49.20:532][778]LogModuleManager: Shutting down and abandoning module MacNoEditorTargetPlatform (28)
[2016.11.21-11.49.20:532][778]LogModuleManager: Shutting down and abandoning module MacClientTargetPlatform (27)
[2016.11.21-11.49.20:532][778]LogModuleManager: Shutting down and abandoning module AllDesktopTargetPlatform (26)
[2016.11.21-11.49.20:532][778]LogModuleManager: Shutting down and abandoning module TargetPlatform (25)
[2016.11.21-11.49.20:532][778]LogModuleManager: Shutting down and abandoning module InputCore (24)
[2016.11.21-11.49.20:532][778]LogModuleManager: Shutting down and abandoning module Settings (23)
[2016.11.21-11.49.20:532][778]LogModuleManager: Shutting down and abandoning module OculusRift (22)
[2016.11.21-11.49.20:532][778]LogModuleManager: Shutting down and abandoning module ExampleDeviceProfileSelector (21)
[2016.11.21-11.49.20:532][778]LogModuleManager: Shutting down and abandoning module OnlineBlueprintSupport (20)
[2016.11.21-11.49.20:532][778]LogModuleManager: Shutting down and abandoning module OnlineSubsystem (18)
[2016.11.21-11.49.20:532][778]LogOnline:Display: Unloading online subsystem: NULL
[2016.11.21-11.49.20:550][778]LogModuleManager: Shutting down and abandoning module SSL (17)
[2016.11.21-11.49.20:551][778]LogModuleManager: Shutting down and abandoning module HTTP (16)
[2016.11.21-11.49.20:551][778]LogModuleManager: Shutting down and abandoning module XMPP (15)
[2016.11.21-11.49.20:551][778]LogModuleManager: Shutting down and abandoning module TextureCompressor (14)
[2016.11.21-11.49.20:551][778]LogModuleManager: Shutting down and abandoning module ShaderCore (13)
[2016.11.21-11.49.20:551][778]LogModuleManager: Shutting down and abandoning module Landscape (12)
[2016.11.21-11.49.20:551][778]LogModuleManager: Shutting down and abandoning module SlateRHIRenderer (11)
[2016.11.21-11.49.20:559][778]LogModuleManager: Shutting down and abandoning module OpenGLDrv (10)
[2016.11.21-11.49.20:569][778]LogModuleManager: Shutting down and abandoning module D3D11RHI (9)
[2016.11.21-11.49.20:569][778]LogModuleManager: Shutting down and abandoning module AnimGraphRuntime (8)
[2016.11.21-11.49.20:569][778]LogModuleManager: Shutting down and abandoning module Renderer (7)
[2016.11.21-11.49.20:569][778]LogModuleManager: Shutting down and abandoning module Engine (6)
[2016.11.21-11.49.20:569][778]LogModuleManager: Shutting down and abandoning module CoreUObject (5)
[2016.11.21-11.49.20:570][778]LogModuleManager: Shutting down and abandoning module NetworkFile (4)
[2016.11.21-11.49.20:576][778]LogModuleManager: Shutting down and abandoning module StreamingFile (3)
[2016.11.21-11.49.20:576][778]LogModuleManager: Shutting down and abandoning module SandboxFile (2)
[2016.11.21-11.49.20:576][778]LogModuleManager: Shutting down and abandoning module PakFile (1)
[2016.11.21-11.49.20:578][778]LogExit: Exiting.
[2016.11.21-11.49.20:579][778]Log file closed, 11/21/16 11:49:20
